<?xml version="1.0" encoding="UTF-8"?>
<testng-results ignored="0" total="4" passed="3" failed="1" skipped="0">
  <reporter-output>
  </reporter-output>
  <suite started-at="2024-07-28T15:11:53Z" name="Sample Suite" finished-at="2024-07-28T15:12:26Z" duration-ms="32839">
    <groups>
    </groups>
    <test started-at="2024-07-28T15:11:53Z" name="Sample Test" finished-at="2024-07-28T15:12:26Z" duration-ms="32839">
      <class name="TestCases.LoginTest">
        <test-method is-config="true" signature="setupDriver()[pri:0, instance:TestCases.LoginTest@7e5afaa6]" started-at="2024-07-28T15:12:04Z" name="setupDriver" finished-at="2024-07-28T15:12:10Z" duration-ms="6193" status="PASS">
          <reporter-output>
          </reporter-output>
        </test-method> <!-- setupDriver -->
        <test-method signature="TC01_LoginSuccess()[pri:0, instance:TestCases.LoginTest@7e5afaa6]" started-at="2024-07-28T15:12:10Z" name="TC01_LoginSuccess" finished-at="2024-07-28T15:12:11Z" duration-ms="1240" status="FAIL">
          <exception class="java.lang.AssertionError">
            <message>
              <![CDATA[expected [Productss] but found [Products]]]>
            </message>
            <full-stacktrace>
              <![CDATA[java.lang.AssertionError: expected [Productss] but found [Products]
at org.testng.Assert.fail(Assert.java:96)
at org.testng.Assert.failNotEquals(Assert.java:776)
at org.testng.Assert.assertEqualsImpl(Assert.java:137)
at org.testng.Assert.assertEquals(Assert.java:118)
at org.testng.Assert.assertEquals(Assert.java:453)
at org.testng.Assert.assertEquals(Assert.java:463)
at PageObject.LoginPage.validatText(LoginPage.java:44)
at TestCases.LoginTest.TC01_LoginSuccess(LoginTest.java:18)
at java.base/jdk.internal.reflect.DirectMethodHandleAccessor.invoke(DirectMethodHandleAccessor.java:103)
at java.base/java.lang.reflect.Method.invoke(Method.java:580)
at org.testng.internal.MethodInvocationHelper.invokeMethod(MethodInvocationHelper.java:124)
at org.testng.internal.Invoker.invokeMethod(Invoker.java:583)
at org.testng.internal.Invoker.invokeTestMethod(Invoker.java:719)
at org.testng.internal.Invoker.invokeTestMethods(Invoker.java:989)
at org.testng.internal.TestMethodWorker.invokeTestMethods(TestMethodWorker.java:125)
at org.testng.internal.TestMethodWorker.run(TestMethodWorker.java:109)
at org.testng.TestRunner.privateRun(TestRunner.java:648)
at org.testng.TestRunner.run(TestRunner.java:505)
at org.testng.SuiteRunner.runTest(SuiteRunner.java:455)
at org.testng.SuiteRunner.runSequentially(SuiteRunner.java:450)
at org.testng.SuiteRunner.privateRun(SuiteRunner.java:415)
at org.testng.SuiteRunner.run(SuiteRunner.java:364)
at org.testng.SuiteRunnerWorker.runSuite(SuiteRunnerWorker.java:52)
at org.testng.SuiteRunnerWorker.run(SuiteRunnerWorker.java:84)
at org.testng.TestNG.runSuitesSequentially(TestNG.java:1208)
at org.testng.TestNG.runSuitesLocally(TestNG.java:1137)
at org.testng.TestNG.runSuites(TestNG.java:1049)
at org.testng.TestNG.run(TestNG.java:1017)
at com.intellij.rt.testng.IDEARemoteTestNG.run(IDEARemoteTestNG.java:65)
at com.intellij.rt.testng.RemoteTestNGStarter.main(RemoteTestNGStarter.java:105)
]]>
            </full-stacktrace>
          </exception> <!-- java.lang.AssertionError -->
          <reporter-output>
          </reporter-output>
        </test-method> <!-- TC01_LoginSuccess -->
        <test-method is-config="true" signature="tearDown()[pri:0, instance:TestCases.LoginTest@7e5afaa6]" started-at="2024-07-28T15:12:12Z" name="tearDown" finished-at="2024-07-28T15:12:12Z" duration-ms="229" status="PASS">
          <reporter-output>
          </reporter-output>
        </test-method> <!-- tearDown -->
        <test-method is-config="true" signature="setupDriver()[pri:0, instance:TestCases.LoginTest@7e5afaa6]" started-at="2024-07-28T15:12:12Z" name="setupDriver" finished-at="2024-07-28T15:12:18Z" duration-ms="6392" status="PASS">
          <reporter-output>
          </reporter-output>
        </test-method> <!-- setupDriver -->
        <test-method signature="TC02_LoginFailure()[pri:0, instance:TestCases.LoginTest@7e5afaa6]" started-at="2024-07-28T15:12:18Z" name="TC02_LoginFailure" finished-at="2024-07-28T15:12:19Z" duration-ms="297" status="PASS">
          <reporter-output>
          </reporter-output>
        </test-method> <!-- TC02_LoginFailure -->
        <test-method is-config="true" signature="tearDown()[pri:0, instance:TestCases.LoginTest@7e5afaa6]" started-at="2024-07-28T15:12:19Z" name="tearDown" finished-at="2024-07-28T15:12:19Z" duration-ms="189" status="PASS">
          <reporter-output>
          </reporter-output>
        </test-method> <!-- tearDown -->
        <test-method is-config="true" signature="setupDriver()[pri:0, instance:TestCases.LoginTest@7e5afaa6]" started-at="2024-07-28T15:12:19Z" name="setupDriver" finished-at="2024-07-28T15:12:26Z" duration-ms="6857" status="PASS">
          <reporter-output>
          </reporter-output>
        </test-method> <!-- setupDriver -->
        <test-method signature="TC03_LockedUser()[pri:0, instance:TestCases.LoginTest@7e5afaa6]" started-at="2024-07-28T15:12:26Z" name="TC03_LockedUser" finished-at="2024-07-28T15:12:26Z" duration-ms="304" status="PASS">
          <reporter-output>
          </reporter-output>
        </test-method> <!-- TC03_LockedUser -->
        <test-method is-config="true" signature="tearDown()[pri:0, instance:TestCases.LoginTest@7e5afaa6]" started-at="2024-07-28T15:12:26Z" name="tearDown" finished-at="2024-07-28T15:12:26Z" duration-ms="285" status="PASS">
          <reporter-output>
          </reporter-output>
        </test-method> <!-- tearDown -->
      </class> <!-- TestCases.LoginTest -->
      <class name="TestCases.HomeTest">
        <test-method is-config="true" signature="setupDriver()[pri:0, instance:TestCases.HomeTest@483f6d77]" started-at="2024-07-28T15:11:53Z" name="setupDriver" finished-at="2024-07-28T15:12:01Z" duration-ms="7581" status="PASS">
          <reporter-output>
          </reporter-output>
        </test-method> <!-- setupDriver -->
        <test-method signature="addCart()[pri:0, instance:TestCases.HomeTest@483f6d77]" started-at="2024-07-28T15:12:01Z" name="addCart" finished-at="2024-07-28T15:12:04Z" duration-ms="2701" status="PASS">
          <reporter-output>
          </reporter-output>
        </test-method> <!-- addCart -->
        <test-method is-config="true" signature="tearDown()[pri:0, instance:TestCases.HomeTest@483f6d77]" started-at="2024-07-28T15:12:04Z" name="tearDown" finished-at="2024-07-28T15:12:04Z" duration-ms="331" status="PASS">
          <reporter-output>
          </reporter-output>
        </test-method> <!-- tearDown -->
      </class> <!-- TestCases.HomeTest -->
    </test> <!-- Sample Test -->
  </suite> <!-- Sample Suite -->
</testng-results>
